<?xml version="1.0" encoding="UTF-8" ?>
<testsuite tests="5" failures="0" name="runner.RunnerTest" time="9.97" errors="0" skipped="0">
  <properties>
[...]
</properties>
  <testcase classname="Cadastro de Pet" name="validar status code" time="5.15"/>
  <testcase classname="Cadastro de Pet" name="validar campo" time="2.093"/>
  <testcase classname="Cadastro de Pet" name="Cadastro Pet Fiona" time="0.892"/>
  <testcase classname="Cadastro de Pet" name="Cadastro Pet Flora" time="0.989"/>
  <testcase classname="Cadastro de Pet" name="Cadastro Pet Pandora" time="0.846"/>
</testsuite>